<?xml version="1.0" encoding="UTF-8"?>
<!-- Generated by org.testng.reporters.JUnitReportReporter -->
<testsuite hostname="vikram" failures="0" tests="1" name="cucumberOptions.TestNGTestRunner" time="5.286" errors="0" timestamp="2025-04-06T11:15:36 IST" skipped="0">
  <testcase classname="cucumberOptions.TestNGTestRunner" name="runScenario" time="5.286"/>
</testsuite> <!-- cucumberOptions.TestNGTestRunner -->
